mode: set
github.com/ruoxizhnya/quant-trading/pkg/data/cache.go:36.81,42.2 1 0
github.com/ruoxizhnya/quant-trading/pkg/data/cache.go:46.103,51.35 3 0
github.com/ruoxizhnya/quant-trading/pkg/data/cache.go:51.35,53.57 2 0
github.com/ruoxizhnya/quant-trading/pkg/data/cache.go:53.57,56.4 2 0
github.com/ruoxizhnya/quant-trading/pkg/data/cache.go:60.2,63.16 4 0
github.com/ruoxizhnya/quant-trading/pkg/data/cache.go:63.16,65.3 1 0
github.com/ruoxizhnya/quant-trading/pkg/data/cache.go:68.2,68.19 1 0
github.com/ruoxizhnya/quant-trading/pkg/data/cache.go:68.19,70.43 2 0
github.com/ruoxizhnya/quant-trading/pkg/data/cache.go:70.43,72.4 1 0
github.com/ruoxizhnya/quant-trading/pkg/data/cache.go:73.3,73.60 1 0
github.com/ruoxizhnya/quant-trading/pkg/data/cache.go:73.60,75.4 1 0
github.com/ruoxizhnya/quant-trading/pkg/data/cache.go:75.9,77.4 1 0
github.com/ruoxizhnya/quant-trading/pkg/data/cache.go:80.2,80.18 1 0
github.com/ruoxizhnya/quant-trading/pkg/data/cache.go:85.106,86.20 1 0
github.com/ruoxizhnya/quant-trading/pkg/data/cache.go:86.20,88.3 1 0
github.com/ruoxizhnya/quant-trading/pkg/data/cache.go:89.2,91.57 3 0
github.com/ruoxizhnya/quant-trading/pkg/data/cache.go:91.57,93.3 1 0
github.com/ruoxizhnya/quant-trading/pkg/data/cache.go:94.2,94.43 1 0
github.com/ruoxizhnya/quant-trading/pkg/data/cache.go:100.110,105.35 3 0
github.com/ruoxizhnya/quant-trading/pkg/data/cache.go:105.35,107.60 2 0
github.com/ruoxizhnya/quant-trading/pkg/data/cache.go:107.60,110.4 2 0
github.com/ruoxizhnya/quant-trading/pkg/data/cache.go:114.2,116.16 3 0
github.com/ruoxizhnya/quant-trading/pkg/data/cache.go:116.16,118.3 1 0
github.com/ruoxizhnya/quant-trading/pkg/data/cache.go:121.2,121.22 1 0
github.com/ruoxizhnya/quant-trading/pkg/data/cache.go:121.22,122.75 1 0
github.com/ruoxizhnya/quant-trading/pkg/data/cache.go:122.75,124.4 1 0
github.com/ruoxizhnya/quant-trading/pkg/data/cache.go:127.2,127.21 1 0
github.com/ruoxizhnya/quant-trading/pkg/data/cache.go:131.116,132.23 1 0
github.com/ruoxizhnya/quant-trading/pkg/data/cache.go:132.23,134.3 1 0
github.com/ruoxizhnya/quant-trading/pkg/data/cache.go:135.2,136.58 2 0
github.com/ruoxizhnya/quant-trading/pkg/data/cache.go:145.96,147.2 1 0
github.com/ruoxizhnya/quant-trading/pkg/data/cache.go:151.120,152.23 1 0
github.com/ruoxizhnya/quant-trading/pkg/data/cache.go:152.23,154.3 1 0
github.com/ruoxizhnya/quant-trading/pkg/data/cache.go:156.2,156.18 1 0
github.com/ruoxizhnya/quant-trading/pkg/data/cache.go:156.18,158.3 1 0
github.com/ruoxizhnya/quant-trading/pkg/data/cache.go:160.2,181.31 8 0
github.com/ruoxizhnya/quant-trading/pkg/data/cache.go:181.31,183.13 2 0
github.com/ruoxizhnya/quant-trading/pkg/data/cache.go:183.13,185.32 2 0
github.com/ruoxizhnya/quant-trading/pkg/data/cache.go:185.32,187.37 2 0
github.com/ruoxizhnya/quant-trading/pkg/data/cache.go:187.37,189.14 2 0
github.com/ruoxizhnya/quant-trading/pkg/data/cache.go:191.5,191.50 1 0
github.com/ruoxizhnya/quant-trading/pkg/data/cache.go:197.2,197.12 1 0
github.com/ruoxizhnya/quant-trading/pkg/data/cache.go:197.12,198.31 1 0
github.com/ruoxizhnya/quant-trading/pkg/data/cache.go:198.31,200.4 1 0
github.com/ruoxizhnya/quant-trading/pkg/data/cache.go:201.3,201.20 1 0
github.com/ruoxizhnya/quant-trading/pkg/data/cache.go:205.2,208.12 4 0
github.com/ruoxizhnya/quant-trading/pkg/data/cache.go:208.12,210.29 2 0
github.com/ruoxizhnya/quant-trading/pkg/data/cache.go:210.29,211.40 1 0
github.com/ruoxizhnya/quant-trading/pkg/data/cache.go:211.40,213.13 2 0
github.com/ruoxizhnya/quant-trading/pkg/data/cache.go:215.4,215.73 1 0
github.com/ruoxizhnya/quant-trading/pkg/data/cache.go:215.73,218.13 3 0
github.com/ruoxizhnya/quant-trading/pkg/data/cache.go:220.4,220.7 1 0
github.com/ruoxizhnya/quant-trading/pkg/data/cache.go:222.3,223.18 2 0
github.com/ruoxizhnya/quant-trading/pkg/data/cache.go:226.2,237.12 6 0
github.com/ruoxizhnya/quant-trading/pkg/data/cache.go:243.102,245.16 2 0
github.com/ruoxizhnya/quant-trading/pkg/data/cache.go:245.16,247.3 1 0
github.com/ruoxizhnya/quant-trading/pkg/data/cache.go:248.2,248.44 1 0
github.com/ruoxizhnya/quant-trading/pkg/data/cache.go:252.49,254.2 1 1
github.com/ruoxizhnya/quant-trading/pkg/data/cache.go:257.42,259.2 1 1
github.com/ruoxizhnya/quant-trading/pkg/data/cache.go:262.36,265.2 2 1
github.com/ruoxizhnya/quant-trading/pkg/data/factor.go:33.59,38.2 1 1
github.com/ruoxizhnya/quant-trading/pkg/data/factor.go:40.54,42.2 1 1
github.com/ruoxizhnya/quant-trading/pkg/data/factor.go:47.59,49.12 2 1
github.com/ruoxizhnya/quant-trading/pkg/data/factor.go:49.12,51.3 1 1
github.com/ruoxizhnya/quant-trading/pkg/data/factor.go:52.2,53.27 2 1
github.com/ruoxizhnya/quant-trading/pkg/data/factor.go:53.27,55.3 1 1
github.com/ruoxizhnya/quant-trading/pkg/data/factor.go:56.2,58.27 3 1
github.com/ruoxizhnya/quant-trading/pkg/data/factor.go:58.27,61.3 2 1
github.com/ruoxizhnya/quant-trading/pkg/data/factor.go:62.2,64.39 3 1
github.com/ruoxizhnya/quant-trading/pkg/data/factor.go:64.39,65.30 1 1
github.com/ruoxizhnya/quant-trading/pkg/data/factor.go:65.30,67.4 1 1
github.com/ruoxizhnya/quant-trading/pkg/data/factor.go:68.3,68.16 1 1
github.com/ruoxizhnya/quant-trading/pkg/data/factor.go:70.2,70.32 1 1
github.com/ruoxizhnya/quant-trading/pkg/data/factor.go:70.32,72.3 1 1
github.com/ruoxizhnya/quant-trading/pkg/data/factor.go:73.2,73.15 1 1
github.com/ruoxizhnya/quant-trading/pkg/data/factor.go:77.67,79.12 2 1
github.com/ruoxizhnya/quant-trading/pkg/data/factor.go:79.12,81.3 1 1
github.com/ruoxizhnya/quant-trading/pkg/data/factor.go:82.2,87.32 3 1
github.com/ruoxizhnya/quant-trading/pkg/data/factor.go:87.32,89.3 1 1
github.com/ruoxizhnya/quant-trading/pkg/data/factor.go:90.2,90.41 1 1
github.com/ruoxizhnya/quant-trading/pkg/data/factor.go:90.41,90.85 1 1
github.com/ruoxizhnya/quant-trading/pkg/data/factor.go:91.2,92.28 2 1
github.com/ruoxizhnya/quant-trading/pkg/data/factor.go:92.28,95.3 2 1
github.com/ruoxizhnya/quant-trading/pkg/data/factor.go:96.2,96.15 1 1
github.com/ruoxizhnya/quant-trading/pkg/data/factor.go:102.109,103.23 1 1
github.com/ruoxizhnya/quant-trading/pkg/data/factor.go:103.23,105.3 1 1
github.com/ruoxizhnya/quant-trading/pkg/data/factor.go:106.2,108.16 3 1
github.com/ruoxizhnya/quant-trading/pkg/data/factor.go:108.16,110.3 1 0
github.com/ruoxizhnya/quant-trading/pkg/data/factor.go:111.2,112.25 2 1
github.com/ruoxizhnya/quant-trading/pkg/data/factor.go:112.25,115.3 2 1
github.com/ruoxizhnya/quant-trading/pkg/data/factor.go:116.2,119.37 4 1
github.com/ruoxizhnya/quant-trading/pkg/data/factor.go:119.37,128.3 1 1
github.com/ruoxizhnya/quant-trading/pkg/data/factor.go:129.2,129.67 1 1
github.com/ruoxizhnya/quant-trading/pkg/data/factor.go:129.67,131.3 1 0
github.com/ruoxizhnya/quant-trading/pkg/data/factor.go:132.2,137.12 2 1
github.com/ruoxizhnya/quant-trading/pkg/data/factor.go:140.125,146.29 3 1
github.com/ruoxizhnya/quant-trading/pkg/data/factor.go:146.29,148.3 1 1
github.com/ruoxizhnya/quant-trading/pkg/data/factor.go:149.2,150.38 2 1
github.com/ruoxizhnya/quant-trading/pkg/data/factor.go:150.38,151.40 1 1
github.com/ruoxizhnya/quant-trading/pkg/data/factor.go:151.40,151.84 1 1
github.com/ruoxizhnya/quant-trading/pkg/data/factor.go:152.3,153.39 2 1
github.com/ruoxizhnya/quant-trading/pkg/data/factor.go:153.39,154.39 1 1
github.com/ruoxizhnya/quant-trading/pkg/data/factor.go:154.39,156.10 2 1
github.com/ruoxizhnya/quant-trading/pkg/data/factor.go:159.3,159.38 1 1
github.com/ruoxizhnya/quant-trading/pkg/data/factor.go:159.38,160.12 1 1
github.com/ruoxizhnya/quant-trading/pkg/data/factor.go:162.3,164.39 3 1
github.com/ruoxizhnya/quant-trading/pkg/data/factor.go:164.39,165.12 1 1
github.com/ruoxizhnya/quant-trading/pkg/data/factor.go:167.3,167.57 1 1
github.com/ruoxizhnya/quant-trading/pkg/data/factor.go:169.2,169.16 1 1
github.com/ruoxizhnya/quant-trading/pkg/data/factor.go:174.88,176.16 2 1
github.com/ruoxizhnya/quant-trading/pkg/data/factor.go:176.16,178.3 1 0
github.com/ruoxizhnya/quant-trading/pkg/data/factor.go:179.2,180.34 2 1
github.com/ruoxizhnya/quant-trading/pkg/data/factor.go:180.34,181.33 1 1
github.com/ruoxizhnya/quant-trading/pkg/data/factor.go:181.33,183.4 1 1
github.com/ruoxizhnya/quant-trading/pkg/data/factor.go:185.2,185.25 1 1
github.com/ruoxizhnya/quant-trading/pkg/data/factor.go:185.25,188.3 2 1
github.com/ruoxizhnya/quant-trading/pkg/data/factor.go:189.2,192.37 4 1
github.com/ruoxizhnya/quant-trading/pkg/data/factor.go:192.37,201.3 1 1
github.com/ruoxizhnya/quant-trading/pkg/data/factor.go:202.2,202.67 1 1
github.com/ruoxizhnya/quant-trading/pkg/data/factor.go:202.67,204.3 1 0
github.com/ruoxizhnya/quant-trading/pkg/data/factor.go:205.2,209.12 2 1
github.com/ruoxizhnya/quant-trading/pkg/data/factor.go:213.90,215.16 2 1
github.com/ruoxizhnya/quant-trading/pkg/data/factor.go:215.16,217.3 1 0
github.com/ruoxizhnya/quant-trading/pkg/data/factor.go:218.2,219.34 2 1
github.com/ruoxizhnya/quant-trading/pkg/data/factor.go:219.34,220.35 1 1
github.com/ruoxizhnya/quant-trading/pkg/data/factor.go:220.35,222.4 1 1
github.com/ruoxizhnya/quant-trading/pkg/data/factor.go:224.2,224.25 1 1
github.com/ruoxizhnya/quant-trading/pkg/data/factor.go:224.25,227.3 2 1
github.com/ruoxizhnya/quant-trading/pkg/data/factor.go:228.2,231.37 4 1
github.com/ruoxizhnya/quant-trading/pkg/data/factor.go:231.37,240.3 1 1
github.com/ruoxizhnya/quant-trading/pkg/data/factor.go:241.2,241.67 1 1
github.com/ruoxizhnya/quant-trading/pkg/data/factor.go:241.67,243.3 1 0
github.com/ruoxizhnya/quant-trading/pkg/data/factor.go:244.2,248.12 2 1
github.com/ruoxizhnya/quant-trading/pkg/data/factor.go:253.124,254.15 1 1
github.com/ruoxizhnya/quant-trading/pkg/data/factor.go:254.15,256.78 1 1
github.com/ruoxizhnya/quant-trading/pkg/data/factor.go:256.78,258.4 1 0
github.com/ruoxizhnya/quant-trading/pkg/data/factor.go:259.3,259.57 1 1
github.com/ruoxizhnya/quant-trading/pkg/data/factor.go:259.57,261.4 1 0
github.com/ruoxizhnya/quant-trading/pkg/data/factor.go:262.3,262.59 1 1
github.com/ruoxizhnya/quant-trading/pkg/data/factor.go:262.59,264.4 1 0
github.com/ruoxizhnya/quant-trading/pkg/data/factor.go:265.3,265.13 1 1
github.com/ruoxizhnya/quant-trading/pkg/data/factor.go:269.2,273.12 4 0
github.com/ruoxizhnya/quant-trading/pkg/data/factor.go:273.12,275.78 2 0
github.com/ruoxizhnya/quant-trading/pkg/data/factor.go:275.78,277.4 1 0
github.com/ruoxizhnya/quant-trading/pkg/data/factor.go:280.2,281.12 2 0
github.com/ruoxizhnya/quant-trading/pkg/data/factor.go:281.12,283.57 2 0
github.com/ruoxizhnya/quant-trading/pkg/data/factor.go:283.57,285.4 1 0
github.com/ruoxizhnya/quant-trading/pkg/data/factor.go:288.2,289.12 2 0
github.com/ruoxizhnya/quant-trading/pkg/data/factor.go:289.12,291.59 2 0
github.com/ruoxizhnya/quant-trading/pkg/data/factor.go:291.59,293.4 1 0
github.com/ruoxizhnya/quant-trading/pkg/data/factor.go:296.2,300.25 3 0
github.com/ruoxizhnya/quant-trading/pkg/data/factor.go:300.25,302.3 1 0
github.com/ruoxizhnya/quant-trading/pkg/data/factor.go:303.2,303.12 1 0
github.com/ruoxizhnya/quant-trading/pkg/data/factor.go:309.135,311.16 2 1
github.com/ruoxizhnya/quant-trading/pkg/data/factor.go:311.16,313.3 1 0
github.com/ruoxizhnya/quant-trading/pkg/data/factor.go:314.2,314.27 1 1
github.com/ruoxizhnya/quant-trading/pkg/data/factor.go:314.27,316.3 1 1
github.com/ruoxizhnya/quant-trading/pkg/data/factor.go:317.2,325.34 3 1
github.com/ruoxizhnya/quant-trading/pkg/data/factor.go:325.34,326.10 1 1
github.com/ruoxizhnya/quant-trading/pkg/data/factor.go:327.21,328.27 1 1
github.com/ruoxizhnya/quant-trading/pkg/data/factor.go:329.11,329.11 0 1
github.com/ruoxizhnya/quant-trading/pkg/data/factor.go:331.3,331.80 1 1
github.com/ruoxizhnya/quant-trading/pkg/data/factor.go:331.80,333.12 2 0
github.com/ruoxizhnya/quant-trading/pkg/data/factor.go:335.3,335.10 1 1
github.com/ruoxizhnya/quant-trading/pkg/data/factor.go:337.2,341.19 2 1
github.com/ruoxizhnya/quant-trading/pkg/data/factor.go:346.120,348.28 2 1
github.com/ruoxizhnya/quant-trading/pkg/data/factor.go:348.28,349.34 1 1
github.com/ruoxizhnya/quant-trading/pkg/data/factor.go:349.34,351.4 1 1
github.com/ruoxizhnya/quant-trading/pkg/data/factor.go:352.3,352.47 1 1
github.com/ruoxizhnya/quant-trading/pkg/data/factor.go:352.47,354.4 1 1
github.com/ruoxizhnya/quant-trading/pkg/data/factor.go:355.3,355.57 1 1
github.com/ruoxizhnya/quant-trading/pkg/data/factor.go:357.2,357.15 1 1
github.com/ruoxizhnya/quant-trading/pkg/data/factor_attribution.go:32.68,34.2 1 1
github.com/ruoxizhnya/quant-trading/pkg/data/factor_attribution.go:41.118,44.16 2 1
github.com/ruoxizhnya/quant-trading/pkg/data/factor_attribution.go:44.16,46.3 1 0
github.com/ruoxizhnya/quant-trading/pkg/data/factor_attribution.go:47.2,47.28 1 1
github.com/ruoxizhnya/quant-trading/pkg/data/factor_attribution.go:47.28,49.3 1 1
github.com/ruoxizhnya/quant-trading/pkg/data/factor_attribution.go:52.2,53.37 2 1
github.com/ruoxizhnya/quant-trading/pkg/data/factor_attribution.go:53.37,55.3 1 1
github.com/ruoxizhnya/quant-trading/pkg/data/factor_attribution.go:58.2,59.27 2 1
github.com/ruoxizhnya/quant-trading/pkg/data/factor_attribution.go:59.27,61.3 1 1
github.com/ruoxizhnya/quant-trading/pkg/data/factor_attribution.go:62.2,62.42 1 1
github.com/ruoxizhnya/quant-trading/pkg/data/factor_attribution.go:62.42,62.94 1 1
github.com/ruoxizhnya/quant-trading/pkg/data/factor_attribution.go:64.2,66.23 3 1
github.com/ruoxizhnya/quant-trading/pkg/data/factor_attribution.go:66.23,68.3 1 1
github.com/ruoxizhnya/quant-trading/pkg/data/factor_attribution.go:71.2,72.16 2 1
github.com/ruoxizhnya/quant-trading/pkg/data/factor_attribution.go:72.16,74.3 1 0
github.com/ruoxizhnya/quant-trading/pkg/data/factor_attribution.go:75.2,75.45 1 1
github.com/ruoxizhnya/quant-trading/pkg/data/factor_attribution.go:75.45,77.3 1 0
github.com/ruoxizhnya/quant-trading/pkg/data/factor_attribution.go:79.2,88.30 5 1
github.com/ruoxizhnya/quant-trading/pkg/data/factor_attribution.go:88.30,90.36 2 1
github.com/ruoxizhnya/quant-trading/pkg/data/factor_attribution.go:90.36,91.12 1 0
github.com/ruoxizhnya/quant-trading/pkg/data/factor_attribution.go:93.3,93.73 1 1
github.com/ruoxizhnya/quant-trading/pkg/data/factor_attribution.go:97.2,102.30 3 1
github.com/ruoxizhnya/quant-trading/pkg/data/factor_attribution.go:102.30,104.36 2 1
github.com/ruoxizhnya/quant-trading/pkg/data/factor_attribution.go:104.36,105.12 1 0
github.com/ruoxizhnya/quant-trading/pkg/data/factor_attribution.go:107.3,107.80 1 1
github.com/ruoxizhnya/quant-trading/pkg/data/factor_attribution.go:111.2,112.34 2 1
github.com/ruoxizhnya/quant-trading/pkg/data/factor_attribution.go:112.34,114.3 1 1
github.com/ruoxizhnya/quant-trading/pkg/data/factor_attribution.go:115.2,116.34 2 1
github.com/ruoxizhnya/quant-trading/pkg/data/factor_attribution.go:116.34,118.3 1 1
github.com/ruoxizhnya/quant-trading/pkg/data/factor_attribution.go:121.2,122.25 2 1
github.com/ruoxizhnya/quant-trading/pkg/data/factor_attribution.go:122.25,124.3 1 1
github.com/ruoxizhnya/quant-trading/pkg/data/factor_attribution.go:126.2,126.30 1 1
github.com/ruoxizhnya/quant-trading/pkg/data/factor_attribution.go:126.30,129.37 3 1
github.com/ruoxizhnya/quant-trading/pkg/data/factor_attribution.go:129.37,130.12 1 0
github.com/ruoxizhnya/quant-trading/pkg/data/factor_attribution.go:132.3,135.22 3 1
github.com/ruoxizhnya/quant-trading/pkg/data/factor_attribution.go:135.22,137.4 1 1
github.com/ruoxizhnya/quant-trading/pkg/data/factor_attribution.go:138.3,138.75 1 1
github.com/ruoxizhnya/quant-trading/pkg/data/factor_attribution.go:142.2,143.25 2 1
github.com/ruoxizhnya/quant-trading/pkg/data/factor_attribution.go:143.25,144.35 1 1
github.com/ruoxizhnya/quant-trading/pkg/data/factor_attribution.go:144.35,146.12 2 0
github.com/ruoxizhnya/quant-trading/pkg/data/factor_attribution.go:148.3,149.40 2 1
github.com/ruoxizhnya/quant-trading/pkg/data/factor_attribution.go:149.40,151.4 1 1
github.com/ruoxizhnya/quant-trading/pkg/data/factor_attribution.go:152.3,152.57 1 1
github.com/ruoxizhnya/quant-trading/pkg/data/factor_attribution.go:156.2,157.25 2 1
github.com/ruoxizhnya/quant-trading/pkg/data/factor_attribution.go:157.25,158.35 1 1
github.com/ruoxizhnya/quant-trading/pkg/data/factor_attribution.go:158.35,160.12 2 0
github.com/ruoxizhnya/quant-trading/pkg/data/factor_attribution.go:163.3,163.69 1 1
github.com/ruoxizhnya/quant-trading/pkg/data/factor_attribution.go:166.2,170.25 3 1
github.com/ruoxizhnya/quant-trading/pkg/data/factor_attribution.go:170.25,179.3 1 1
github.com/ruoxizhnya/quant-trading/pkg/data/factor_attribution.go:181.2,181.52 1 1
github.com/ruoxizhnya/quant-trading/pkg/data/factor_attribution.go:185.143,186.22 1 1
github.com/ruoxizhnya/quant-trading/pkg/data/factor_attribution.go:186.22,188.3 1 0
github.com/ruoxizhnya/quant-trading/pkg/data/factor_attribution.go:191.2,192.16 2 1
github.com/ruoxizhnya/quant-trading/pkg/data/factor_attribution.go:192.16,194.3 1 0
github.com/ruoxizhnya/quant-trading/pkg/data/factor_attribution.go:195.2,195.28 1 1
github.com/ruoxizhnya/quant-trading/pkg/data/factor_attribution.go:195.28,197.3 1 1
github.com/ruoxizhnya/quant-trading/pkg/data/factor_attribution.go:199.2,200.37 2 1
github.com/ruoxizhnya/quant-trading/pkg/data/factor_attribution.go:200.37,202.3 1 1
github.com/ruoxizhnya/quant-trading/pkg/data/factor_attribution.go:205.2,206.16 2 1
github.com/ruoxizhnya/quant-trading/pkg/data/factor_attribution.go:206.16,208.3 1 0
github.com/ruoxizhnya/quant-trading/pkg/data/factor_attribution.go:209.2,209.38 1 1
github.com/ruoxizhnya/quant-trading/pkg/data/factor_attribution.go:209.38,211.3 1 0
github.com/ruoxizhnya/quant-trading/pkg/data/factor_attribution.go:213.2,218.27 4 1
github.com/ruoxizhnya/quant-trading/pkg/data/factor_attribution.go:218.27,220.3 1 1
github.com/ruoxizhnya/quant-trading/pkg/data/factor_attribution.go:223.2,224.30 2 1
github.com/ruoxizhnya/quant-trading/pkg/data/factor_attribution.go:224.30,226.36 2 1
github.com/ruoxizhnya/quant-trading/pkg/data/factor_attribution.go:226.36,227.12 1 0
github.com/ruoxizhnya/quant-trading/pkg/data/factor_attribution.go:229.3,229.38 1 1
github.com/ruoxizhnya/quant-trading/pkg/data/factor_attribution.go:233.2,234.30 2 1
github.com/ruoxizhnya/quant-trading/pkg/data/factor_attribution.go:234.30,236.36 2 1
github.com/ruoxizhnya/quant-trading/pkg/data/factor_attribution.go:236.36,237.12 1 0
github.com/ruoxizhnya/quant-trading/pkg/data/factor_attribution.go:239.3,239.38 1 1
github.com/ruoxizhnya/quant-trading/pkg/data/factor_attribution.go:243.2,244.44 2 1
github.com/ruoxizhnya/quant-trading/pkg/data/factor_attribution.go:244.44,246.28 2 1
github.com/ruoxizhnya/quant-trading/pkg/data/factor_attribution.go:246.28,247.12 1 0
github.com/ruoxizhnya/quant-trading/pkg/data/factor_attribution.go:249.3,249.51 1 1
github.com/ruoxizhnya/quant-trading/pkg/data/factor_attribution.go:253.2,262.27 6 1
github.com/ruoxizhnya/quant-trading/pkg/data/factor_attribution.go:262.27,264.3 1 1
github.com/ruoxizhnya/quant-trading/pkg/data/factor_attribution.go:265.2,265.48 1 1
github.com/ruoxizhnya/quant-trading/pkg/data/factor_attribution.go:265.48,265.112 1 1
github.com/ruoxizhnya/quant-trading/pkg/data/factor_attribution.go:267.2,268.22 2 1
github.com/ruoxizhnya/quant-trading/pkg/data/factor_attribution.go:268.22,269.88 1 0
github.com/ruoxizhnya/quant-trading/pkg/data/factor_attribution.go:269.88,271.4 1 0
github.com/ruoxizhnya/quant-trading/pkg/data/factor_attribution.go:274.2,275.27 2 1
github.com/ruoxizhnya/quant-trading/pkg/data/factor_attribution.go:275.27,279.36 3 0
github.com/ruoxizhnya/quant-trading/pkg/data/factor_attribution.go:279.36,281.42 2 0
github.com/ruoxizhnya/quant-trading/pkg/data/factor_attribution.go:281.42,283.5 1 0
github.com/ruoxizhnya/quant-trading/pkg/data/factor_attribution.go:285.3,285.26 1 0
github.com/ruoxizhnya/quant-trading/pkg/data/factor_attribution.go:285.26,287.4 1 0
github.com/ruoxizhnya/quant-trading/pkg/data/factor_attribution.go:290.2,298.80 2 1
github.com/ruoxizhnya/quant-trading/pkg/data/factor_attribution.go:298.80,300.3 1 0
github.com/ruoxizhnya/quant-trading/pkg/data/factor_attribution.go:302.2,302.19 1 1
github.com/ruoxizhnya/quant-trading/pkg/data/factor_attribution.go:306.164,308.2 1 1
github.com/ruoxizhnya/quant-trading/pkg/data/factor_attribution.go:311.148,313.2 1 1
github.com/ruoxizhnya/quant-trading/pkg/data/factor_attribution.go:316.123,318.2 1 1
github.com/ruoxizhnya/quant-trading/pkg/data/factor_attribution.go:322.92,325.27 2 1
github.com/ruoxizhnya/quant-trading/pkg/data/factor_attribution.go:325.27,326.39 1 1
github.com/ruoxizhnya/quant-trading/pkg/data/factor_attribution.go:326.39,328.4 1 1
github.com/ruoxizhnya/quant-trading/pkg/data/factor_attribution.go:330.2,331.11 2 1
github.com/ruoxizhnya/quant-trading/pkg/data/factor_attribution.go:331.11,333.3 1 1
github.com/ruoxizhnya/quant-trading/pkg/data/factor_attribution.go:336.2,338.44 3 1
github.com/ruoxizhnya/quant-trading/pkg/data/factor_attribution.go:338.44,338.100 1 1
github.com/ruoxizhnya/quant-trading/pkg/data/factor_attribution.go:339.2,340.32 2 1
github.com/ruoxizhnya/quant-trading/pkg/data/factor_attribution.go:340.32,342.3 1 1
github.com/ruoxizhnya/quant-trading/pkg/data/factor_attribution.go:345.2,347.44 3 1
github.com/ruoxizhnya/quant-trading/pkg/data/factor_attribution.go:347.44,347.114 1 1
github.com/ruoxizhnya/quant-trading/pkg/data/factor_attribution.go:348.2,349.32 2 1
github.com/ruoxizhnya/quant-trading/pkg/data/factor_attribution.go:349.32,351.3 1 1
github.com/ruoxizhnya/quant-trading/pkg/data/factor_attribution.go:354.2,356.30 3 1
github.com/ruoxizhnya/quant-trading/pkg/data/factor_attribution.go:356.30,359.3 2 1
github.com/ruoxizhnya/quant-trading/pkg/data/factor_attribution.go:362.2,363.16 2 1
github.com/ruoxizhnya/quant-trading/pkg/data/factor_attribution.go:363.16,365.3 1 0
github.com/ruoxizhnya/quant-trading/pkg/data/factor_attribution.go:366.2,366.28 1 1
github.com/ruoxizhnya/quant-trading/pkg/data/factor_attribution.go:371.55,372.50 1 1
github.com/ruoxizhnya/quant-trading/pkg/data/factor_attribution.go:372.50,374.3 1 1
github.com/ruoxizhnya/quant-trading/pkg/data/factor_attribution.go:375.2,376.20 2 1
github.com/ruoxizhnya/quant-trading/pkg/data/factor_attribution.go:376.20,378.3 1 1
github.com/ruoxizhnya/quant-trading/pkg/data/factor_attribution.go:380.2,384.12 3 1
github.com/ruoxizhnya/quant-trading/pkg/data/factor_attribution.go:384.12,388.3 1 1
github.com/ruoxizhnya/quant-trading/pkg/data/factor_attribution.go:390.2,390.38 1 1
github.com/ruoxizhnya/quant-trading/pkg/data/factor_attribution.go:393.33,394.14 1 1
github.com/ruoxizhnya/quant-trading/pkg/data/factor_attribution.go:394.14,396.3 1 1
github.com/ruoxizhnya/quant-trading/pkg/data/factor_attribution.go:397.2,397.20 1 1
github.com/ruoxizhnya/quant-trading/pkg/data/tushare.go:49.118,52.43 2 1
github.com/ruoxizhnya/quant-trading/pkg/data/tushare.go:52.43,54.3 1 0
github.com/ruoxizhnya/quant-trading/pkg/data/tushare.go:55.2,61.3 1 1
github.com/ruoxizhnya/quant-trading/pkg/data/tushare.go:96.34,97.25 1 1
github.com/ruoxizhnya/quant-trading/pkg/data/tushare.go:98.15,99.13 1 1
github.com/ruoxizhnya/quant-trading/pkg/data/tushare.go:100.11,101.22 1 1
github.com/ruoxizhnya/quant-trading/pkg/data/tushare.go:102.13,103.22 1 1
github.com/ruoxizhnya/quant-trading/pkg/data/tushare.go:104.14,106.11 2 1
github.com/ruoxizhnya/quant-trading/pkg/data/tushare.go:107.10,108.11 1 1
github.com/ruoxizhnya/quant-trading/pkg/data/tushare.go:113.31,114.29 1 1
github.com/ruoxizhnya/quant-trading/pkg/data/tushare.go:114.29,116.3 1 1
github.com/ruoxizhnya/quant-trading/pkg/data/tushare.go:117.2,117.11 1 1
github.com/ruoxizhnya/quant-trading/pkg/data/tushare.go:121.44,126.40 4 1
github.com/ruoxizhnya/quant-trading/pkg/data/tushare.go:126.40,128.36 2 1
github.com/ruoxizhnya/quant-trading/pkg/data/tushare.go:128.36,132.4 3 1
github.com/ruoxizhnya/quant-trading/pkg/data/tushare.go:133.3,133.21 1 1
github.com/ruoxizhnya/quant-trading/pkg/data/tushare.go:136.2,136.25 1 1
github.com/ruoxizhnya/quant-trading/pkg/data/tushare.go:136.25,138.3 1 1
github.com/ruoxizhnya/quant-trading/pkg/data/tushare.go:139.2,139.18 1 1
github.com/ruoxizhnya/quant-trading/pkg/data/tushare.go:143.139,154.16 4 1
github.com/ruoxizhnya/quant-trading/pkg/data/tushare.go:154.16,156.3 1 1
github.com/ruoxizhnya/quant-trading/pkg/data/tushare.go:158.2,158.28 1 1
github.com/ruoxizhnya/quant-trading/pkg/data/tushare.go:158.28,160.3 1 0
github.com/ruoxizhnya/quant-trading/pkg/data/tushare.go:162.2,163.71 2 1
github.com/ruoxizhnya/quant-trading/pkg/data/tushare.go:163.71,165.3 1 0
github.com/ruoxizhnya/quant-trading/pkg/data/tushare.go:167.2,167.27 1 1
github.com/ruoxizhnya/quant-trading/pkg/data/tushare.go:167.27,169.3 1 1
github.com/ruoxizhnya/quant-trading/pkg/data/tushare.go:171.2,173.26 2 1
github.com/ruoxizhnya/quant-trading/pkg/data/tushare.go:177.118,184.16 3 1
github.com/ruoxizhnya/quant-trading/pkg/data/tushare.go:184.16,186.3 1 0
github.com/ruoxizhnya/quant-trading/pkg/data/tushare.go:188.2,189.22 2 1
github.com/ruoxizhnya/quant-trading/pkg/data/tushare.go:189.22,191.3 1 1
github.com/ruoxizhnya/quant-trading/pkg/data/tushare.go:193.2,193.60 1 1
github.com/ruoxizhnya/quant-trading/pkg/data/tushare.go:193.60,195.3 1 0
github.com/ruoxizhnya/quant-trading/pkg/data/tushare.go:198.2,198.20 1 1
github.com/ruoxizhnya/quant-trading/pkg/data/tushare.go:198.20,200.3 1 0
github.com/ruoxizhnya/quant-trading/pkg/data/tushare.go:200.8,202.3 1 1
github.com/ruoxizhnya/quant-trading/pkg/data/tushare.go:204.2,205.20 2 1
github.com/ruoxizhnya/quant-trading/pkg/data/tushare.go:209.79,211.39 2 1
github.com/ruoxizhnya/quant-trading/pkg/data/tushare.go:211.39,212.20 1 1
github.com/ruoxizhnya/quant-trading/pkg/data/tushare.go:212.20,213.12 1 1
github.com/ruoxizhnya/quant-trading/pkg/data/tushare.go:216.3,218.35 3 1
github.com/ruoxizhnya/quant-trading/pkg/data/tushare.go:218.35,219.12 1 1
github.com/ruoxizhnya/quant-trading/pkg/data/tushare.go:223.3,224.22 2 1
github.com/ruoxizhnya/quant-trading/pkg/data/tushare.go:224.22,226.4 1 1
github.com/ruoxizhnya/quant-trading/pkg/data/tushare.go:228.3,236.54 2 1
github.com/ruoxizhnya/quant-trading/pkg/data/tushare.go:236.54,237.62 1 1
github.com/ruoxizhnya/quant-trading/pkg/data/tushare.go:237.62,239.5 1 1
github.com/ruoxizhnya/quant-trading/pkg/data/tushare.go:242.3,242.33 1 1
github.com/ruoxizhnya/quant-trading/pkg/data/tushare.go:244.2,244.15 1 1
github.com/ruoxizhnya/quant-trading/pkg/data/tushare.go:248.34,249.48 1 1
github.com/ruoxizhnya/quant-trading/pkg/data/tushare.go:249.48,251.3 1 1
github.com/ruoxizhnya/quant-trading/pkg/data/tushare.go:252.2,252.10 1 1
github.com/ruoxizhnya/quant-trading/pkg/data/tushare.go:256.128,264.16 3 1
github.com/ruoxizhnya/quant-trading/pkg/data/tushare.go:264.16,266.3 1 0
github.com/ruoxizhnya/quant-trading/pkg/data/tushare.go:268.2,269.23 2 1
github.com/ruoxizhnya/quant-trading/pkg/data/tushare.go:269.23,271.3 1 1
github.com/ruoxizhnya/quant-trading/pkg/data/tushare.go:274.2,275.25 2 1
github.com/ruoxizhnya/quant-trading/pkg/data/tushare.go:275.25,277.3 1 1
github.com/ruoxizhnya/quant-trading/pkg/data/tushare.go:278.2,278.64 1 1
github.com/ruoxizhnya/quant-trading/pkg/data/tushare.go:278.64,280.3 1 0
github.com/ruoxizhnya/quant-trading/pkg/data/tushare.go:282.2,283.21 2 1
github.com/ruoxizhnya/quant-trading/pkg/data/tushare.go:288.98,291.39 3 1
github.com/ruoxizhnya/quant-trading/pkg/data/tushare.go:291.39,292.20 1 1
github.com/ruoxizhnya/quant-trading/pkg/data/tushare.go:292.20,294.12 2 1
github.com/ruoxizhnya/quant-trading/pkg/data/tushare.go:297.3,298.22 2 1
github.com/ruoxizhnya/quant-trading/pkg/data/tushare.go:298.22,299.12 1 1
github.com/ruoxizhnya/quant-trading/pkg/data/tushare.go:302.3,303.17 2 1
github.com/ruoxizhnya/quant-trading/pkg/data/tushare.go:303.17,304.12 1 1
github.com/ruoxizhnya/quant-trading/pkg/data/tushare.go:307.3,318.35 2 1
github.com/ruoxizhnya/quant-trading/pkg/data/tushare.go:320.2,320.16 1 1
github.com/ruoxizhnya/quant-trading/pkg/data/tushare.go:324.122,331.16 3 1
github.com/ruoxizhnya/quant-trading/pkg/data/tushare.go:331.16,333.3 1 0
github.com/ruoxizhnya/quant-trading/pkg/data/tushare.go:335.2,336.23 2 1
github.com/ruoxizhnya/quant-trading/pkg/data/tushare.go:336.23,338.3 1 0
github.com/ruoxizhnya/quant-trading/pkg/data/tushare.go:340.2,341.25 2 1
github.com/ruoxizhnya/quant-trading/pkg/data/tushare.go:341.25,343.3 1 1
github.com/ruoxizhnya/quant-trading/pkg/data/tushare.go:344.2,344.70 1 1
github.com/ruoxizhnya/quant-trading/pkg/data/tushare.go:344.70,346.3 1 0
github.com/ruoxizhnya/quant-trading/pkg/data/tushare.go:348.2,349.21 2 1
github.com/ruoxizhnya/quant-trading/pkg/data/tushare.go:353.91,355.39 2 1
github.com/ruoxizhnya/quant-trading/pkg/data/tushare.go:355.39,356.20 1 1
github.com/ruoxizhnya/quant-trading/pkg/data/tushare.go:356.20,357.12 1 1
github.com/ruoxizhnya/quant-trading/pkg/data/tushare.go:360.3,361.19 2 1
github.com/ruoxizhnya/quant-trading/pkg/data/tushare.go:361.19,362.12 1 1
github.com/ruoxizhnya/quant-trading/pkg/data/tushare.go:365.3,384.34 4 1
github.com/ruoxizhnya/quant-trading/pkg/data/tushare.go:386.2,386.16 1 1
github.com/ruoxizhnya/quant-trading/pkg/data/tushare.go:391.137,395.21 2 0
github.com/ruoxizhnya/quant-trading/pkg/data/tushare.go:395.21,397.3 1 0
github.com/ruoxizhnya/quant-trading/pkg/data/tushare.go:398.2,398.19 1 0
github.com/ruoxizhnya/quant-trading/pkg/data/tushare.go:398.19,400.3 1 0
github.com/ruoxizhnya/quant-trading/pkg/data/tushare.go:402.2,403.16 2 0
github.com/ruoxizhnya/quant-trading/pkg/data/tushare.go:403.16,405.3 1 0
github.com/ruoxizhnya/quant-trading/pkg/data/tushare.go:407.2,408.23 2 0
github.com/ruoxizhnya/quant-trading/pkg/data/tushare.go:408.23,410.3 1 0
github.com/ruoxizhnya/quant-trading/pkg/data/tushare.go:413.2,413.20 1 0
github.com/ruoxizhnya/quant-trading/pkg/data/tushare.go:413.20,415.26 2 0
github.com/ruoxizhnya/quant-trading/pkg/data/tushare.go:415.26,417.4 1 0
github.com/ruoxizhnya/quant-trading/pkg/data/tushare.go:418.3,418.69 1 0
github.com/ruoxizhnya/quant-trading/pkg/data/tushare.go:418.69,420.4 1 0
github.com/ruoxizhnya/quant-trading/pkg/data/tushare.go:423.2,424.21 2 0
github.com/ruoxizhnya/quant-trading/pkg/data/tushare.go:429.99,431.39 2 1
github.com/ruoxizhnya/quant-trading/pkg/data/tushare.go:431.39,432.20 1 1
github.com/ruoxizhnya/quant-trading/pkg/data/tushare.go:432.20,433.12 1 1
github.com/ruoxizhnya/quant-trading/pkg/data/tushare.go:436.3,437.19 2 1
github.com/ruoxizhnya/quant-trading/pkg/data/tushare.go:437.19,438.12 1 1
github.com/ruoxizhnya/quant-trading/pkg/data/tushare.go:441.3,466.34 6 1
github.com/ruoxizhnya/quant-trading/pkg/data/tushare.go:468.2,468.16 1 1
github.com/ruoxizhnya/quant-trading/pkg/data/tushare.go:472.69,473.42 1 1
github.com/ruoxizhnya/quant-trading/pkg/data/tushare.go:473.42,475.3 1 1
github.com/ruoxizhnya/quant-trading/pkg/data/tushare.go:476.2,477.11 2 1
github.com/ruoxizhnya/quant-trading/pkg/data/tushare.go:481.135,485.16 2 1
github.com/ruoxizhnya/quant-trading/pkg/data/tushare.go:485.16,487.3 1 1
github.com/ruoxizhnya/quant-trading/pkg/data/tushare.go:489.2,490.16 2 1
github.com/ruoxizhnya/quant-trading/pkg/data/tushare.go:490.16,492.3 1 0
github.com/ruoxizhnya/quant-trading/pkg/data/tushare.go:494.2,495.28 2 1
github.com/ruoxizhnya/quant-trading/pkg/data/tushare.go:495.28,497.3 1 0
github.com/ruoxizhnya/quant-trading/pkg/data/tushare.go:500.2,501.30 2 1
github.com/ruoxizhnya/quant-trading/pkg/data/tushare.go:501.30,503.3 1 1
github.com/ruoxizhnya/quant-trading/pkg/data/tushare.go:504.2,504.69 1 1
github.com/ruoxizhnya/quant-trading/pkg/data/tushare.go:504.69,506.3 1 0
github.com/ruoxizhnya/quant-trading/pkg/data/tushare.go:508.2,509.26 2 1
github.com/ruoxizhnya/quant-trading/pkg/data/tushare.go:514.119,516.39 2 1
github.com/ruoxizhnya/quant-trading/pkg/data/tushare.go:516.39,517.20 1 1
github.com/ruoxizhnya/quant-trading/pkg/data/tushare.go:517.20,518.12 1 1
github.com/ruoxizhnya/quant-trading/pkg/data/tushare.go:521.3,522.20 2 1
github.com/ruoxizhnya/quant-trading/pkg/data/tushare.go:522.20,523.12 1 1
github.com/ruoxizhnya/quant-trading/pkg/data/tushare.go:526.3,530.22 4 1
github.com/ruoxizhnya/quant-trading/pkg/data/tushare.go:530.22,531.63 1 1
github.com/ruoxizhnya/quant-trading/pkg/data/tushare.go:531.63,533.5 1 1
github.com/ruoxizhnya/quant-trading/pkg/data/tushare.go:535.3,535.23 1 1
github.com/ruoxizhnya/quant-trading/pkg/data/tushare.go:535.23,536.64 1 1
github.com/ruoxizhnya/quant-trading/pkg/data/tushare.go:536.64,538.5 1 1
github.com/ruoxizhnya/quant-trading/pkg/data/tushare.go:541.3,547.5 1 1
github.com/ruoxizhnya/quant-trading/pkg/data/tushare.go:549.2,549.21 1 1
github.com/ruoxizhnya/quant-trading/pkg/data/tushare.go:554.133,557.16 2 1
github.com/ruoxizhnya/quant-trading/pkg/data/tushare.go:557.16,559.3 1 0
github.com/ruoxizhnya/quant-trading/pkg/data/tushare.go:560.2,560.27 1 1
github.com/ruoxizhnya/quant-trading/pkg/data/tushare.go:560.27,562.3 1 1
github.com/ruoxizhnya/quant-trading/pkg/data/tushare.go:565.2,565.55 1 1
github.com/ruoxizhnya/quant-trading/pkg/data/tushare.go:570.62,571.42 1 1
github.com/ruoxizhnya/quant-trading/pkg/data/tushare.go:571.42,573.3 1 1
github.com/ruoxizhnya/quant-trading/pkg/data/tushare.go:574.2,574.31 1 1
github.com/ruoxizhnya/quant-trading/pkg/data/tushare.go:575.14,576.11 1 1
github.com/ruoxizhnya/quant-trading/pkg/data/tushare.go:577.15,578.45 1 1
github.com/ruoxizhnya/quant-trading/pkg/data/tushare.go:579.10,580.30 1 1
github.com/ruoxizhnya/quant-trading/pkg/data/tushare.go:584.65,585.42 1 1
github.com/ruoxizhnya/quant-trading/pkg/data/tushare.go:585.42,587.3 1 1
github.com/ruoxizhnya/quant-trading/pkg/data/tushare.go:588.2,588.31 1 1
github.com/ruoxizhnya/quant-trading/pkg/data/tushare.go:589.15,590.11 1 1
github.com/ruoxizhnya/quant-trading/pkg/data/tushare.go:591.14,593.11 2 1
github.com/ruoxizhnya/quant-trading/pkg/data/tushare.go:594.10,595.11 1 0
github.com/ruoxizhnya/quant-trading/pkg/data/tushare.go:599.63,600.22 1 1
github.com/ruoxizhnya/quant-trading/pkg/data/tushare.go:600.22,602.17 2 1
github.com/ruoxizhnya/quant-trading/pkg/data/tushare.go:603.14,604.16 1 1
github.com/ruoxizhnya/quant-trading/pkg/data/tushare.go:605.14,606.17 1 1
github.com/ruoxizhnya/quant-trading/pkg/data/tushare.go:609.2,609.38 1 1
github.com/ruoxizhnya/quant-trading/pkg/data/tushare.go:615.144,623.16 3 1
github.com/ruoxizhnya/quant-trading/pkg/data/tushare.go:623.16,625.3 1 0
github.com/ruoxizhnya/quant-trading/pkg/data/tushare.go:627.2,627.51 1 1
github.com/ruoxizhnya/quant-trading/pkg/data/tushare.go:633.130,635.39 2 1
github.com/ruoxizhnya/quant-trading/pkg/data/tushare.go:635.39,636.20 1 1
github.com/ruoxizhnya/quant-trading/pkg/data/tushare.go:636.20,637.12 1 1
github.com/ruoxizhnya/quant-trading/pkg/data/tushare.go:640.3,641.20 2 1
github.com/ruoxizhnya/quant-trading/pkg/data/tushare.go:641.20,642.12 1 1
github.com/ruoxizhnya/quant-trading/pkg/data/tushare.go:646.3,647.17 2 1
github.com/ruoxizhnya/quant-trading/pkg/data/tushare.go:647.17,649.12 2 1
github.com/ruoxizhnya/quant-trading/pkg/data/tushare.go:653.3,660.5 3 1
github.com/ruoxizhnya/quant-trading/pkg/data/tushare.go:663.2,664.21 2 1
github.com/ruoxizhnya/quant-trading/pkg/data/tushare.go:669.130,673.21 2 1
github.com/ruoxizhnya/quant-trading/pkg/data/tushare.go:673.21,675.3 1 0
github.com/ruoxizhnya/quant-trading/pkg/data/tushare.go:676.2,676.19 1 1
github.com/ruoxizhnya/quant-trading/pkg/data/tushare.go:676.19,678.3 1 0
github.com/ruoxizhnya/quant-trading/pkg/data/tushare.go:680.2,681.16 2 1
github.com/ruoxizhnya/quant-trading/pkg/data/tushare.go:681.16,683.3 1 0
github.com/ruoxizhnya/quant-trading/pkg/data/tushare.go:685.2,686.23 2 1
github.com/ruoxizhnya/quant-trading/pkg/data/tushare.go:686.23,688.3 1 0
github.com/ruoxizhnya/quant-trading/pkg/data/tushare.go:691.2,692.25 2 1
github.com/ruoxizhnya/quant-trading/pkg/data/tushare.go:692.25,694.3 1 1
github.com/ruoxizhnya/quant-trading/pkg/data/tushare.go:695.2,695.61 1 1
github.com/ruoxizhnya/quant-trading/pkg/data/tushare.go:695.61,697.3 1 0
github.com/ruoxizhnya/quant-trading/pkg/data/tushare.go:699.2,700.21 2 1
github.com/ruoxizhnya/quant-trading/pkg/data/tushare.go:705.85,707.39 2 1
github.com/ruoxizhnya/quant-trading/pkg/data/tushare.go:707.39,708.20 1 1
github.com/ruoxizhnya/quant-trading/pkg/data/tushare.go:708.20,709.12 1 1
github.com/ruoxizhnya/quant-trading/pkg/data/tushare.go:712.3,713.19 2 1
github.com/ruoxizhnya/quant-trading/pkg/data/tushare.go:713.19,714.12 1 1
github.com/ruoxizhnya/quant-trading/pkg/data/tushare.go:717.3,735.36 8 1
github.com/ruoxizhnya/quant-trading/pkg/data/tushare.go:737.2,737.16 1 1
github.com/ruoxizhnya/quant-trading/pkg/data/tushare.go:743.124,747.21 2 1
github.com/ruoxizhnya/quant-trading/pkg/data/tushare.go:747.21,749.3 1 0
github.com/ruoxizhnya/quant-trading/pkg/data/tushare.go:750.2,750.19 1 1
github.com/ruoxizhnya/quant-trading/pkg/data/tushare.go:750.19,752.3 1 0
github.com/ruoxizhnya/quant-trading/pkg/data/tushare.go:754.2,755.16 2 1
github.com/ruoxizhnya/quant-trading/pkg/data/tushare.go:755.16,757.3 1 0
github.com/ruoxizhnya/quant-trading/pkg/data/tushare.go:759.2,760.23 2 1
github.com/ruoxizhnya/quant-trading/pkg/data/tushare.go:760.23,762.3 1 0
github.com/ruoxizhnya/quant-trading/pkg/data/tushare.go:765.2,766.25 2 1
github.com/ruoxizhnya/quant-trading/pkg/data/tushare.go:766.25,768.3 1 1
github.com/ruoxizhnya/quant-trading/pkg/data/tushare.go:769.2,769.58 1 1
github.com/ruoxizhnya/quant-trading/pkg/data/tushare.go:769.58,771.3 1 0
github.com/ruoxizhnya/quant-trading/pkg/data/tushare.go:773.2,774.21 2 1
github.com/ruoxizhnya/quant-trading/pkg/data/tushare.go:778.79,780.39 2 1
github.com/ruoxizhnya/quant-trading/pkg/data/tushare.go:780.39,781.20 1 1
github.com/ruoxizhnya/quant-trading/pkg/data/tushare.go:781.20,782.12 1 1
github.com/ruoxizhnya/quant-trading/pkg/data/tushare.go:785.3,786.19 2 1
github.com/ruoxizhnya/quant-trading/pkg/data/tushare.go:786.19,787.12 1 1
github.com/ruoxizhnya/quant-trading/pkg/data/tushare.go:790.3,800.36 4 1
github.com/ruoxizhnya/quant-trading/pkg/data/tushare.go:802.2,802.16 1 1
github.com/ruoxizhnya/quant-trading/pkg/data/tushare_test_helpers.go:20.56,26.2 1 1
github.com/ruoxizhnya/quant-trading/pkg/data/tushare_test_helpers.go:28.99,29.27 1 0
github.com/ruoxizhnya/quant-trading/pkg/data/tushare_test_helpers.go:29.27,31.3 1 0
github.com/ruoxizhnya/quant-trading/pkg/data/tushare_test_helpers.go:32.2,32.12 1 0
github.com/ruoxizhnya/quant-trading/pkg/data/tushare_test_helpers.go:35.100,36.28 1 0
github.com/ruoxizhnya/quant-trading/pkg/data/tushare_test_helpers.go:36.28,38.3 1 0
github.com/ruoxizhnya/quant-trading/pkg/data/tushare_test_helpers.go:39.2,39.12 1 0
github.com/ruoxizhnya/quant-trading/pkg/data/tushare_test_helpers.go:42.112,43.28 1 0
github.com/ruoxizhnya/quant-trading/pkg/data/tushare_test_helpers.go:43.28,45.3 1 0
github.com/ruoxizhnya/quant-trading/pkg/data/tushare_test_helpers.go:46.2,46.12 1 0
github.com/ruoxizhnya/quant-trading/pkg/data/tushare_test_helpers.go:49.126,49.149 1 0
github.com/ruoxizhnya/quant-trading/pkg/data/tushare_test_helpers.go:50.123,50.146 1 0
github.com/ruoxizhnya/quant-trading/pkg/data/tushare_test_helpers.go:51.133,51.163 1 0
github.com/ruoxizhnya/quant-trading/pkg/data/tushare_test_helpers.go:52.119,52.138 1 0
github.com/ruoxizhnya/quant-trading/pkg/data/tushare_test_helpers.go:53.108,53.122 1 0
github.com/ruoxizhnya/quant-trading/pkg/data/tushare_test_helpers.go:54.109,54.123 1 0
github.com/ruoxizhnya/quant-trading/pkg/data/tushare_test_helpers.go:55.101,55.115 1 0
github.com/ruoxizhnya/quant-trading/pkg/data/tushare_test_helpers.go:56.98,56.112 1 0
github.com/ruoxizhnya/quant-trading/pkg/data/tushare_test_helpers.go:57.103,57.117 1 0
github.com/ruoxizhnya/quant-trading/pkg/data/tushare_test_helpers.go:62.95,62.114 1 0
github.com/ruoxizhnya/quant-trading/pkg/data/tushare_test_helpers.go:63.100,63.114 1 0
github.com/ruoxizhnya/quant-trading/pkg/data/tushare_test_helpers.go:64.112,64.126 1 0
github.com/ruoxizhnya/quant-trading/pkg/data/tushare_test_helpers.go:65.99,65.113 1 0
github.com/ruoxizhnya/quant-trading/pkg/data/tushare_test_helpers.go:66.97,66.114 1 0
github.com/ruoxizhnya/quant-trading/pkg/data/tushare_test_helpers.go:67.97,67.111 1 1
github.com/ruoxizhnya/quant-trading/pkg/data/tushare_test_helpers.go:68.97,68.111 1 0
github.com/ruoxizhnya/quant-trading/pkg/data/tushare_test_helpers.go:69.96,69.110 1 0
github.com/ruoxizhnya/quant-trading/pkg/data/tushare_test_helpers.go:70.104,70.123 1 0
github.com/ruoxizhnya/quant-trading/pkg/data/tushare_test_helpers.go:71.105,71.119 1 0
github.com/ruoxizhnya/quant-trading/pkg/data/tushare_test_helpers.go:72.102,72.121 1 0
github.com/ruoxizhnya/quant-trading/pkg/data/tushare_test_helpers.go:73.100,73.114 1 0
github.com/ruoxizhnya/quant-trading/pkg/data/tushare_test_helpers.go:76.125,80.22 3 1
github.com/ruoxizhnya/quant-trading/pkg/data/tushare_test_helpers.go:80.22,83.3 1 1
github.com/ruoxizhnya/quant-trading/pkg/data/tushare_test_helpers.go:85.2,91.3 1 1
